<?xml version="1.0" encoding="UTF-8"?>
<!-- Generated by org.testng.reporters.JUnitXMLReporter -->
<testsuite hostname="MOE-3196761055" ignored="3" tests="0" failures="0" timestamp="2022-03-02T20:10:20 IST" time="0.555" errors="0">
  <testcase name="test02_addAndVerifyNewTasks" time="0.0" classname="sanity.TodoListElectron">
    <ignored/>
  </testcase> <!-- test02_addAndVerifyNewTasks -->
  <testcase name="test01_addAndVerifyNewTask" time="0.0" classname="sanity.TodoListElectron">
    <ignored/>
  </testcase> <!-- test01_addAndVerifyNewTask -->
  <testcase name="test03_markAllComplete" time="0.0" classname="sanity.TodoListElectron">
    <ignored/>
  </testcase> <!-- test03_markAllComplete -->
</testsuite>
